<?xml version="1.0" encoding="UTF-8"?>
<testsuites name="fastlane">
  <testsuite name="deploy">
    <testcase name="0: Verifying required fastlane version" time="0.000297"/>
    <testcase name="1: default_platform" time="0.00016"/>
    <testcase name="2: increment_build_number" time="1.983677">
      <failure message="/Users/Satorupan/.rvm/gems/ruby-2.0.0-p353/gems/fastlane-1.26.0/lib/fastlane/actions/actions_helper.rb:35:in `execute_action'&#10;/Users/Satorupan/.rvm/gems/ruby-2.0.0-p353/gems/fastlane-1.26.0/lib/fastlane/runner.rb:128:in `block in execute_action'&#10;/Users/Satorupan/.rvm/gems/ruby-2.0.0-p353/gems/fastlane-1.26.0/lib/fastlane/runner.rb:127:in `chdir'&#10;/Users/Satorupan/.rvm/gems/ruby-2.0.0-p353/gems/fastlane-1.26.0/lib/fastlane/runner.rb:127:in `execute_action'&#10;/Users/Satorupan/.rvm/gems/ruby-2.0.0-p353/gems/fastlane-1.26.0/lib/fastlane/fast_file.rb:124:in `method_missing'&#10;(eval):84:in `block (3 levels) in parse'&#10;/Users/Satorupan/.rvm/gems/ruby-2.0.0-p353/gems/fastlane-1.26.0/lib/fastlane/lane.rb:36:in `call'&#10;/Users/Satorupan/.rvm/gems/ruby-2.0.0-p353/gems/fastlane-1.26.0/lib/fastlane/lane.rb:36:in `call'&#10;/Users/Satorupan/.rvm/gems/ruby-2.0.0-p353/gems/fastlane-1.26.0/lib/fastlane/runner.rb:51:in `block in execute'&#10;/Users/Satorupan/.rvm/gems/ruby-2.0.0-p353/gems/fastlane-1.26.0/lib/fastlane/runner.rb:46:in `chdir'&#10;/Users/Satorupan/.rvm/gems/ruby-2.0.0-p353/gems/fastlane-1.26.0/lib/fastlane/runner.rb:46:in `execute'&#10;/Users/Satorupan/.rvm/gems/ruby-2.0.0-p353/gems/fastlane-1.26.0/lib/fastlane/lane_manager.rb:43:in `cruise_lane'&#10;/Users/Satorupan/.rvm/gems/ruby-2.0.0-p353/gems/fastlane-1.26.0/lib/fastlane/command_line_handler.rb:31:in `handle'&#10;/Users/Satorupan/.rvm/gems/ruby-2.0.0-p353/gems/fastlane-1.26.0/bin/fastlane:36:in `block (2 levels) in run'&#10;/Users/Satorupan/.rvm/gems/ruby-2.0.0-p353/gems/commander-4.3.5/lib/commander/command.rb:178:in `call'&#10;/Users/Satorupan/.rvm/gems/ruby-2.0.0-p353/gems/commander-4.3.5/lib/commander/command.rb:178:in `call'&#10;/Users/Satorupan/.rvm/gems/ruby-2.0.0-p353/gems/commander-4.3.5/lib/commander/command.rb:153:in `run'&#10;/Users/Satorupan/.rvm/gems/ruby-2.0.0-p353/gems/commander-4.3.5/lib/commander/runner.rb:428:in `run_active_command'&#10;/Users/Satorupan/.rvm/gems/ruby-2.0.0-p353/gems/commander-4.3.5/lib/commander/runner.rb:68:in `run!'&#10;/Users/Satorupan/.rvm/gems/ruby-2.0.0-p353/gems/commander-4.3.5/lib/commander/delegates.rb:15:in `run!'&#10;/Users/Satorupan/.rvm/gems/ruby-2.0.0-p353/gems/fastlane-1.26.0/bin/fastlane:127:in `run'&#10;/Users/Satorupan/.rvm/gems/ruby-2.0.0-p353/gems/fastlane-1.26.0/bin/fastlane:133:in `&lt;top (required)&gt;'&#10;/Users/Satorupan/.rvm/gems/ruby-2.0.0-p353/bin/fastlane:23:in `load'&#10;/Users/Satorupan/.rvm/gems/ruby-2.0.0-p353/bin/fastlane:23:in `&lt;main&gt;'&#10;/Users/Satorupan/.rvm/gems/ruby-2.0.0-p353/bin/ruby_executable_hooks:15:in `eval'&#10;/Users/Satorupan/.rvm/gems/ruby-2.0.0-p353/bin/ruby_executable_hooks:15:in `&lt;main&gt;'&#10;&#10;Exit status of command 'cd /Volumes/Tails/_Git/4digit/armoredSkeleton &amp;&amp; agvtool next-version -all' was 6 instead of 0. &#10;There does not seem to be a CURRENT_PROJECT_VERSION key set for this project.  Add this key to your target's expert build settings.&#10;&#10;"/>
    </testcase>
    <testcase name="3: slack" time="0.00341">
      <failure message="/Users/Satorupan/.rvm/gems/ruby-2.0.0-p353/gems/fastlane-1.26.0/lib/fastlane/actions/actions_helper.rb:35:in `execute_action'&#10;/Users/Satorupan/.rvm/gems/ruby-2.0.0-p353/gems/fastlane-1.26.0/lib/fastlane/runner.rb:128:in `block in execute_action'&#10;/Users/Satorupan/.rvm/gems/ruby-2.0.0-p353/gems/fastlane-1.26.0/lib/fastlane/runner.rb:127:in `chdir'&#10;/Users/Satorupan/.rvm/gems/ruby-2.0.0-p353/gems/fastlane-1.26.0/lib/fastlane/runner.rb:127:in `execute_action'&#10;/Users/Satorupan/.rvm/gems/ruby-2.0.0-p353/gems/fastlane-1.26.0/lib/fastlane/fast_file.rb:124:in `method_missing'&#10;(eval):117:in `block (3 levels) in parse'&#10;/Users/Satorupan/.rvm/gems/ruby-2.0.0-p353/gems/fastlane-1.26.0/lib/fastlane/runner.rb:65:in `call'&#10;/Users/Satorupan/.rvm/gems/ruby-2.0.0-p353/gems/fastlane-1.26.0/lib/fastlane/runner.rb:65:in `block in execute'&#10;/Users/Satorupan/.rvm/gems/ruby-2.0.0-p353/gems/fastlane-1.26.0/lib/fastlane/runner.rb:61:in `chdir'&#10;/Users/Satorupan/.rvm/gems/ruby-2.0.0-p353/gems/fastlane-1.26.0/lib/fastlane/runner.rb:61:in `rescue in execute'&#10;/Users/Satorupan/.rvm/gems/ruby-2.0.0-p353/gems/fastlane-1.26.0/lib/fastlane/runner.rb:45:in `execute'&#10;/Users/Satorupan/.rvm/gems/ruby-2.0.0-p353/gems/fastlane-1.26.0/lib/fastlane/lane_manager.rb:43:in `cruise_lane'&#10;/Users/Satorupan/.rvm/gems/ruby-2.0.0-p353/gems/fastlane-1.26.0/lib/fastlane/command_line_handler.rb:31:in `handle'&#10;/Users/Satorupan/.rvm/gems/ruby-2.0.0-p353/gems/fastlane-1.26.0/bin/fastlane:36:in `block (2 levels) in run'&#10;/Users/Satorupan/.rvm/gems/ruby-2.0.0-p353/gems/commander-4.3.5/lib/commander/command.rb:178:in `call'&#10;/Users/Satorupan/.rvm/gems/ruby-2.0.0-p353/gems/commander-4.3.5/lib/commander/command.rb:178:in `call'&#10;/Users/Satorupan/.rvm/gems/ruby-2.0.0-p353/gems/commander-4.3.5/lib/commander/command.rb:153:in `run'&#10;/Users/Satorupan/.rvm/gems/ruby-2.0.0-p353/gems/commander-4.3.5/lib/commander/runner.rb:428:in `run_active_command'&#10;/Users/Satorupan/.rvm/gems/ruby-2.0.0-p353/gems/commander-4.3.5/lib/commander/runner.rb:68:in `run!'&#10;/Users/Satorupan/.rvm/gems/ruby-2.0.0-p353/gems/commander-4.3.5/lib/commander/delegates.rb:15:in `run!'&#10;/Users/Satorupan/.rvm/gems/ruby-2.0.0-p353/gems/fastlane-1.26.0/bin/fastlane:127:in `run'&#10;/Users/Satorupan/.rvm/gems/ruby-2.0.0-p353/gems/fastlane-1.26.0/bin/fastlane:133:in `&lt;top (required)&gt;'&#10;/Users/Satorupan/.rvm/gems/ruby-2.0.0-p353/bin/fastlane:23:in `load'&#10;/Users/Satorupan/.rvm/gems/ruby-2.0.0-p353/bin/fastlane:23:in `&lt;main&gt;'&#10;/Users/Satorupan/.rvm/gems/ruby-2.0.0-p353/bin/ruby_executable_hooks:15:in `eval'&#10;/Users/Satorupan/.rvm/gems/ruby-2.0.0-p353/bin/ruby_executable_hooks:15:in `&lt;main&gt;'&#10;&#10;[31mNo SLACK_URL given.[0m"/>
    </testcase>
  </testsuite>
</testsuites>
